<?xml version="1.0" encoding="UTF-8"?>
<!-- Generated by org.testng.reporters.JUnitReportReporter -->
<testsuite hostname="DESKTOP-802I4IN" failures="0" tests="5" name="com.qa.linkedin.testcases.LinkedinFeedPageTest" time="30.366" errors="0" timestamp="2022-11-26T20:46:57 IST" skipped="0">
  <testcase classname="com.qa.linkedin.testcases.LinkedinFeedPageTest" name="navigateToLoginPageTest" time="4.396"/>
  <system-out/>
  <testcase classname="com.qa.linkedin.testcases.LinkedinFeedPageTest" name="doLoginTest" time="21.376"/>
  <system-out/>
  <testcase classname="com.qa.linkedin.testcases.LinkedinFeedPageTest" name="verifyProfileRailcardTest" time="0.912"/>
  <system-out/>
  <testcase classname="com.qa.linkedin.testcases.LinkedinFeedPageTest" name="verifyFeedPageTitleTest" time="0.030"/>
  <system-out/>
  <testcase classname="com.qa.linkedin.testcases.LinkedinFeedPageTest" name="doLogoutTest" time="3.652"/>
  <system-out/>
</testsuite> <!-- com.qa.linkedin.testcases.LinkedinFeedPageTest -->
