<?xml version="1.0" encoding="UTF-8"?>
<!-- Generated by org.testng.reporters.JUnitReportReporter -->
<testsuite skipped="0" hostname="DESKTOP-URC60B5" name="com.qa.linkedin.testcases.LinkedinLoginPageTest" tests="2" failures="0" timestamp="2022-11-02T06:16:29 PDT" time="5.461" errors="0">
  <testcase name="navigateToLoginPageTest" time="5.190" classname="com.qa.linkedin.testcases.LinkedinLoginPageTest"/>
  <system-out/>
  <testcase name="verifyLoginPageTitle" time="0.271" classname="com.qa.linkedin.testcases.LinkedinLoginPageTest"/>
  <system-out/>
</testsuite> <!-- com.qa.linkedin.testcases.LinkedinLoginPageTest -->
