<?xml version="1.0" encoding="UTF-8"?>
<!-- Generated by org.testng.reporters.JUnitReportReporter -->
<testsuite hostname="DESKTOP-802I4IN" failures="0" tests="2" name="com.qa.linkedin.testcases.LinkedinHomePageTest" time="1.554" errors="0" timestamp="2022-11-26T20:45:50 IST" skipped="0">
  <testcase classname="com.qa.linkedin.testcases.LinkedinHomePageTest" name="verifyLinkedinHomePageTitleTest" time="1.406"/>
  <system-out/>
  <testcase classname="com.qa.linkedin.testcases.LinkedinHomePageTest" name="verifyLinkedinLogoTest" time="0.148"/>
  <system-out/>
</testsuite> <!-- com.qa.linkedin.testcases.LinkedinHomePageTest -->
