<?xml version="1.0" encoding="UTF-8"?>
<!-- Generated by org.testng.reporters.JUnitReportReporter -->
<testsuite skipped="0" hostname="DESKTOP-URC60B5" name="com.qa.linkedin.testcases.LinkedinFeedPageTest" tests="5" failures="0" timestamp="2022-11-03T05:45:17 PDT" time="45.167" errors="0">
  <testcase name="navigateToLoginPageTest" time="7.537" classname="com.qa.linkedin.testcases.LinkedinFeedPageTest"/>
  <system-out/>
  <testcase name="doLoginTest" time="33.396" classname="com.qa.linkedin.testcases.LinkedinFeedPageTest"/>
  <system-out/>
  <testcase name="verifyProfileRailcardTest" time="0.121" classname="com.qa.linkedin.testcases.LinkedinFeedPageTest"/>
  <system-out/>
  <testcase name="verifyFeedPageTitleTest" time="0.253" classname="com.qa.linkedin.testcases.LinkedinFeedPageTest"/>
  <system-out/>
  <testcase name="doLogoutTest" time="3.860" classname="com.qa.linkedin.testcases.LinkedinFeedPageTest"/>
  <system-out/>
</testsuite> <!-- com.qa.linkedin.testcases.LinkedinFeedPageTest -->
