<?xml version="1.0" encoding="UTF-8"?>
<!-- Generated by org.testng.reporters.JUnitReportReporter -->
<testsuite hostname="DESKTOP-802I4IN" failures="0" tests="2" name="com.qa.linkedin.testcases.LinkedinLoginPageTest" time="6.990" errors="0" timestamp="2022-11-26T20:44:50 IST" skipped="0">
  <testcase classname="com.qa.linkedin.testcases.LinkedinLoginPageTest" name="navigateToLoginPageTest" time="6.446"/>
  <system-out/>
  <testcase classname="com.qa.linkedin.testcases.LinkedinLoginPageTest" name="verifyLoginPageTitle" time="0.544"/>
  <system-out/>
</testsuite> <!-- com.qa.linkedin.testcases.LinkedinLoginPageTest -->
