<?xml version="1.0" encoding="UTF-8"?>
<!-- Generated by org.testng.reporters.JUnitReportReporter -->
<testsuite skipped="0" hostname="DESKTOP-URC60B5" name="com.qa.linkedin.testcases.LinkedinSearchResultsTest" tests="5" failures="0" timestamp="2022-11-03T05:29:41 PDT" time="66.611" errors="0">
  <testcase name="navigateToLoginPageTest" time="6.679" classname="com.qa.linkedin.testcases.LinkedinSearchResultsTest"/>
  <system-out/>
  <testcase name="doLoginTest" time="32.652" classname="com.qa.linkedin.testcases.LinkedinSearchResultsTest"/>
  <system-out/>
  <testcase name="doPeopleSearchTest" time="11.977" classname="com.qa.linkedin.testcases.LinkedinSearchResultsTest"/>
  <system-out/>
  <testcase name="doPeopleSearchTest" time="10.935" classname="com.qa.linkedin.testcases.LinkedinSearchResultsTest"/>
  <system-out/>
  <testcase name="doLogoutTest" time="4.368" classname="com.qa.linkedin.testcases.LinkedinSearchResultsTest"/>
  <system-out/>
</testsuite> <!-- com.qa.linkedin.testcases.LinkedinSearchResultsTest -->
