<?xml version="1.0" encoding="UTF-8"?>
<!-- Generated by org.testng.reporters.JUnitReportReporter -->
<testsuite skipped="0" hostname="DESKTOP-URC60B5" name="com.qa.linkedin.testcases.LinkedinHomePageTest" tests="2" failures="0" timestamp="2022-11-02T06:16:29 PDT" time="1.015" errors="0">
  <testcase name="verifyLinkedinHomePageTitleTest" time="0.559" classname="com.qa.linkedin.testcases.LinkedinHomePageTest"/>
  <system-out/>
  <testcase name="verifyLinkedinLogoTest" time="0.456" classname="com.qa.linkedin.testcases.LinkedinHomePageTest"/>
  <system-out/>
</testsuite> <!-- com.qa.linkedin.testcases.LinkedinHomePageTest -->
